<?xml version="1.0" encoding="UTF-8"?>
<testsuite xmlns:xsi="http://www.w3.org/2001/XMLSchema-instance" xsi:noNamespaceSchemaLocation="https://maven.apache.org/surefire/maven-surefire-plugin/xsd/surefire-test-report-3.0.xsd" version="3.0" name="TestSuite" time="8.819" tests="2" errors="0" skipped="0" failures="1">
  <properties>
    <property name="java.specification.version" value="20"/>
    <property name="sun.jnu.encoding" value="UTF-8"/>
    <property name="java.class.path" value="/Users/hbhuiyan/Documents/TalentTEK/GitStuff/CFW_Online_Batch23/target/test-classes:/Users/hbhuiyan/Documents/TalentTEK/GitStuff/CFW_Online_Batch23/target/classes:/Users/hbhuiyan/.m2/repository/org/seleniumhq/selenium/selenium-java/4.12.1/selenium-java-4.12.1.jar:/Users/hbhuiyan/.m2/repository/org/seleniumhq/selenium/selenium-api/4.12.1/selenium-api-4.12.1.jar:/Users/hbhuiyan/.m2/repository/org/seleniumhq/selenium/selenium-chrome-driver/4.12.1/selenium-chrome-driver-4.12.1.jar:/Users/hbhuiyan/.m2/repository/com/google/auto/service/auto-service-annotations/1.1.1/auto-service-annotations-1.1.1.jar:/Users/hbhuiyan/.m2/repository/com/google/guava/guava/32.1.2-jre/guava-32.1.2-jre.jar:/Users/hbhuiyan/.m2/repository/com/google/guava/failureaccess/1.0.1/failureaccess-1.0.1.jar:/Users/hbhuiyan/.m2/repository/com/google/guava/listenablefuture/9999.0-empty-to-avoid-conflict-with-guava/listenablefuture-9999.0-empty-to-avoid-conflict-with-guava.jar:/Users/hbhuiyan/.m2/repository/com/google/code/findbugs/jsr305/3.0.2/jsr305-3.0.2.jar:/Users/hbhuiyan/.m2/repository/org/checkerframework/checker-qual/3.33.0/checker-qual-3.33.0.jar:/Users/hbhuiyan/.m2/repository/com/google/errorprone/error_prone_annotations/2.18.0/error_prone_annotations-2.18.0.jar:/Users/hbhuiyan/.m2/repository/com/google/j2objc/j2objc-annotations/2.8/j2objc-annotations-2.8.jar:/Users/hbhuiyan/.m2/repository/org/seleniumhq/selenium/selenium-chromium-driver/4.12.1/selenium-chromium-driver-4.12.1.jar:/Users/hbhuiyan/.m2/repository/org/seleniumhq/selenium/selenium-json/4.12.1/selenium-json-4.12.1.jar:/Users/hbhuiyan/.m2/repository/org/seleniumhq/selenium/selenium-manager/4.12.1/selenium-manager-4.12.1.jar:/Users/hbhuiyan/.m2/repository/org/seleniumhq/selenium/selenium-devtools-v114/4.12.1/selenium-devtools-v114-4.12.1.jar:/Users/hbhuiyan/.m2/repository/org/seleniumhq/selenium/selenium-devtools-v115/4.12.1/selenium-devtools-v115-4.12.1.jar:/Users/hbhuiyan/.m2/repository/org/seleniumhq/selenium/selenium-devtools-v116/4.12.1/selenium-devtools-v116-4.12.1.jar:/Users/hbhuiyan/.m2/repository/org/seleniumhq/selenium/selenium-devtools-v85/4.12.1/selenium-devtools-v85-4.12.1.jar:/Users/hbhuiyan/.m2/repository/org/seleniumhq/selenium/selenium-edge-driver/4.12.1/selenium-edge-driver-4.12.1.jar:/Users/hbhuiyan/.m2/repository/org/seleniumhq/selenium/selenium-firefox-driver/4.12.1/selenium-firefox-driver-4.12.1.jar:/Users/hbhuiyan/.m2/repository/org/seleniumhq/selenium/selenium-http/4.12.1/selenium-http-4.12.1.jar:/Users/hbhuiyan/.m2/repository/dev/failsafe/failsafe/3.3.2/failsafe-3.3.2.jar:/Users/hbhuiyan/.m2/repository/org/seleniumhq/selenium/selenium-ie-driver/4.12.1/selenium-ie-driver-4.12.1.jar:/Users/hbhuiyan/.m2/repository/org/seleniumhq/selenium/selenium-remote-driver/4.12.1/selenium-remote-driver-4.12.1.jar:/Users/hbhuiyan/.m2/repository/io/netty/netty-buffer/4.1.96.Final/netty-buffer-4.1.96.Final.jar:/Users/hbhuiyan/.m2/repository/io/netty/netty-codec-http/4.1.96.Final/netty-codec-http-4.1.96.Final.jar:/Users/hbhuiyan/.m2/repository/io/netty/netty-codec/4.1.96.Final/netty-codec-4.1.96.Final.jar:/Users/hbhuiyan/.m2/repository/io/netty/netty-handler/4.1.96.Final/netty-handler-4.1.96.Final.jar:/Users/hbhuiyan/.m2/repository/io/netty/netty-common/4.1.96.Final/netty-common-4.1.96.Final.jar:/Users/hbhuiyan/.m2/repository/io/netty/netty-transport-classes-epoll/4.1.96.Final/netty-transport-classes-epoll-4.1.96.Final.jar:/Users/hbhuiyan/.m2/repository/io/netty/netty-transport-classes-kqueue/4.1.96.Final/netty-transport-classes-kqueue-4.1.96.Final.jar:/Users/hbhuiyan/.m2/repository/io/netty/netty-transport-native-epoll/4.1.96.Final/netty-transport-native-epoll-4.1.96.Final.jar:/Users/hbhuiyan/.m2/repository/io/netty/netty-transport-native-kqueue/4.1.96.Final/netty-transport-native-kqueue-4.1.96.Final.jar:/Users/hbhuiyan/.m2/repository/io/netty/netty-transport-native-unix-common/4.1.96.Final/netty-transport-native-unix-common-4.1.96.Final.jar:/Users/hbhuiyan/.m2/repository/io/netty/netty-transport/4.1.96.Final/netty-transport-4.1.96.Final.jar:/Users/hbhuiyan/.m2/repository/io/netty/netty-resolver/4.1.96.Final/netty-resolver-4.1.96.Final.jar:/Users/hbhuiyan/.m2/repository/io/opentelemetry/opentelemetry-api/1.28.0/opentelemetry-api-1.28.0.jar:/Users/hbhuiyan/.m2/repository/io/opentelemetry/opentelemetry-context/1.28.0/opentelemetry-context-1.28.0.jar:/Users/hbhuiyan/.m2/repository/io/opentelemetry/opentelemetry-exporter-logging/1.28.0/opentelemetry-exporter-logging-1.28.0.jar:/Users/hbhuiyan/.m2/repository/io/opentelemetry/opentelemetry-sdk-metrics/1.28.0/opentelemetry-sdk-metrics-1.28.0.jar:/Users/hbhuiyan/.m2/repository/io/opentelemetry/opentelemetry-extension-incubator/1.28.0-alpha/opentelemetry-extension-incubator-1.28.0-alpha.jar:/Users/hbhuiyan/.m2/repository/io/opentelemetry/opentelemetry-sdk-logs/1.28.0/opentelemetry-sdk-logs-1.28.0.jar:/Users/hbhuiyan/.m2/repository/io/opentelemetry/opentelemetry-sdk-common/1.28.0/opentelemetry-sdk-common-1.28.0.jar:/Users/hbhuiyan/.m2/repository/io/opentelemetry/opentelemetry-sdk-extension-autoconfigure-spi/1.28.0/opentelemetry-sdk-extension-autoconfigure-spi-1.28.0.jar:/Users/hbhuiyan/.m2/repository/io/opentelemetry/opentelemetry-sdk-extension-autoconfigure/1.28.0/opentelemetry-sdk-extension-autoconfigure-1.28.0.jar:/Users/hbhuiyan/.m2/repository/io/opentelemetry/opentelemetry-api-events/1.28.0-alpha/opentelemetry-api-events-1.28.0-alpha.jar:/Users/hbhuiyan/.m2/repository/io/opentelemetry/opentelemetry-sdk-trace/1.28.0/opentelemetry-sdk-trace-1.28.0.jar:/Users/hbhuiyan/.m2/repository/io/opentelemetry/opentelemetry-sdk/1.28.0/opentelemetry-sdk-1.28.0.jar:/Users/hbhuiyan/.m2/repository/io/opentelemetry/opentelemetry-semconv/1.28.0-alpha/opentelemetry-semconv-1.28.0-alpha.jar:/Users/hbhuiyan/.m2/repository/net/bytebuddy/byte-buddy/1.14.5/byte-buddy-1.14.5.jar:/Users/hbhuiyan/.m2/repository/org/asynchttpclient/async-http-client/2.12.3/async-http-client-2.12.3.jar:/Users/hbhuiyan/.m2/repository/org/asynchttpclient/async-http-client-netty-utils/2.12.3/async-http-client-netty-utils-2.12.3.jar:/Users/hbhuiyan/.m2/repository/io/netty/netty-codec-socks/4.1.60.Final/netty-codec-socks-4.1.60.Final.jar:/Users/hbhuiyan/.m2/repository/io/netty/netty-handler-proxy/4.1.60.Final/netty-handler-proxy-4.1.60.Final.jar:/Users/hbhuiyan/.m2/repository/io/netty/netty-transport-native-epoll/4.1.60.Final/netty-transport-native-epoll-4.1.60.Final-linux-x86_64.jar:/Users/hbhuiyan/.m2/repository/io/netty/netty-transport-native-kqueue/4.1.60.Final/netty-transport-native-kqueue-4.1.60.Final-osx-x86_64.jar:/Users/hbhuiyan/.m2/repository/org/reactivestreams/reactive-streams/1.0.3/reactive-streams-1.0.3.jar:/Users/hbhuiyan/.m2/repository/com/typesafe/netty/netty-reactive-streams/2.0.4/netty-reactive-streams-2.0.4.jar:/Users/hbhuiyan/.m2/repository/com/sun/activation/jakarta.activation/1.2.2/jakarta.activation-1.2.2.jar:/Users/hbhuiyan/.m2/repository/org/seleniumhq/selenium/selenium-os/4.12.1/selenium-os-4.12.1.jar:/Users/hbhuiyan/.m2/repository/org/apache/commons/commons-exec/1.3/commons-exec-1.3.jar:/Users/hbhuiyan/.m2/repository/org/seleniumhq/selenium/selenium-safari-driver/4.12.1/selenium-safari-driver-4.12.1.jar:/Users/hbhuiyan/.m2/repository/org/seleniumhq/selenium/selenium-support/4.12.1/selenium-support-4.12.1.jar:/Users/hbhuiyan/.m2/repository/io/cucumber/cucumber-java/7.14.0/cucumber-java-7.14.0.jar:/Users/hbhuiyan/.m2/repository/io/cucumber/cucumber-core/7.14.0/cucumber-core-7.14.0.jar:/Users/hbhuiyan/.m2/repository/io/cucumber/cucumber-gherkin/7.14.0/cucumber-gherkin-7.14.0.jar:/Users/hbhuiyan/.m2/repository/io/cucumber/cucumber-gherkin-messages/7.14.0/cucumber-gherkin-messages-7.14.0.jar:/Users/hbhuiyan/.m2/repository/io/cucumber/gherkin/26.2.0/gherkin-26.2.0.jar:/Users/hbhuiyan/.m2/repository/io/cucumber/messages/22.0.0/messages-22.0.0.jar:/Users/hbhuiyan/.m2/repository/io/cucumber/tag-expressions/5.0.6/tag-expressions-5.0.6.jar:/Users/hbhuiyan/.m2/repository/io/cucumber/cucumber-expressions/16.1.2/cucumber-expressions-16.1.2.jar:/Users/hbhuiyan/.m2/repository/io/cucumber/datatable/7.14.0/datatable-7.14.0.jar:/Users/hbhuiyan/.m2/repository/io/cucumber/cucumber-plugin/7.14.0/cucumber-plugin-7.14.0.jar:/Users/hbhuiyan/.m2/repository/io/cucumber/docstring/7.14.0/docstring-7.14.0.jar:/Users/hbhuiyan/.m2/repository/io/cucumber/html-formatter/20.4.0/html-formatter-20.4.0.jar:/Users/hbhuiyan/.m2/repository/io/cucumber/junit-xml-formatter/0.2.0/junit-xml-formatter-0.2.0.jar:/Users/hbhuiyan/.m2/repository/io/cucumber/ci-environment/9.2.0/ci-environment-9.2.0.jar:/Users/hbhuiyan/.m2/repository/org/apiguardian/apiguardian-api/1.1.2/apiguardian-api-1.1.2.jar:/Users/hbhuiyan/.m2/repository/io/cucumber/cucumber-testng/7.14.0/cucumber-testng-7.14.0.jar:/Users/hbhuiyan/.m2/repository/org/testng/testng/7.8.0/testng-7.8.0.jar:/Users/hbhuiyan/.m2/repository/org/slf4j/slf4j-api/1.7.36/slf4j-api-1.7.36.jar:/Users/hbhuiyan/.m2/repository/com/beust/jcommander/1.82/jcommander-1.82.jar:/Users/hbhuiyan/.m2/repository/org/webjars/jquery/3.6.1/jquery-3.6.1.jar:/Users/hbhuiyan/.m2/repository/com/github/javafaker/javafaker/1.0.2/javafaker-1.0.2.jar:/Users/hbhuiyan/.m2/repository/org/apache/commons/commons-lang3/3.5/commons-lang3-3.5.jar:/Users/hbhuiyan/.m2/repository/org/yaml/snakeyaml/1.23/snakeyaml-1.23-android.jar:/Users/hbhuiyan/.m2/repository/com/github/mifmif/generex/1.0.2/generex-1.0.2.jar:/Users/hbhuiyan/.m2/repository/dk/brics/automaton/automaton/1.11-8/automaton-1.11-8.jar:"/>
    <property name="java.vm.vendor" value="Homebrew"/>
    <property name="sun.arch.data.model" value="64"/>
    <property name="java.vendor.url" value="https://github.com/Homebrew/homebrew-core/issues"/>
    <property name="user.timezone" value="America/New_York"/>
    <property name="os.name" value="Mac OS X"/>
    <property name="java.vm.specification.version" value="20"/>
    <property name="sun.java.launcher" value="SUN_STANDARD"/>
    <property name="user.country" value="US"/>
    <property name="sun.boot.library.path" value="/usr/local/Cellar/openjdk/20.0.1/libexec/openjdk.jdk/Contents/Home/lib"/>
    <property name="sun.java.command" value="/Users/hbhuiyan/Documents/TalentTEK/GitStuff/CFW_Online_Batch23/target/surefire/surefirebooter16851414852981274581.jar /Users/hbhuiyan/Documents/TalentTEK/GitStuff/CFW_Online_Batch23/target/surefire 2023-10-19T21-01-21_953-jvmRun1 surefire1501176730403893988tmp surefire_014303007376991672607tmp"/>
    <property name="http.nonProxyHosts" value="local|*.local|169.254/16|*.169.254/16"/>
    <property name="jdk.debug" value="release"/>
    <property name="surefire.test.class.path" value="/Users/hbhuiyan/Documents/TalentTEK/GitStuff/CFW_Online_Batch23/target/test-classes:/Users/hbhuiyan/Documents/TalentTEK/GitStuff/CFW_Online_Batch23/target/classes:/Users/hbhuiyan/.m2/repository/org/seleniumhq/selenium/selenium-java/4.12.1/selenium-java-4.12.1.jar:/Users/hbhuiyan/.m2/repository/org/seleniumhq/selenium/selenium-api/4.12.1/selenium-api-4.12.1.jar:/Users/hbhuiyan/.m2/repository/org/seleniumhq/selenium/selenium-chrome-driver/4.12.1/selenium-chrome-driver-4.12.1.jar:/Users/hbhuiyan/.m2/repository/com/google/auto/service/auto-service-annotations/1.1.1/auto-service-annotations-1.1.1.jar:/Users/hbhuiyan/.m2/repository/com/google/guava/guava/32.1.2-jre/guava-32.1.2-jre.jar:/Users/hbhuiyan/.m2/repository/com/google/guava/failureaccess/1.0.1/failureaccess-1.0.1.jar:/Users/hbhuiyan/.m2/repository/com/google/guava/listenablefuture/9999.0-empty-to-avoid-conflict-with-guava/listenablefuture-9999.0-empty-to-avoid-conflict-with-guava.jar:/Users/hbhuiyan/.m2/repository/com/google/code/findbugs/jsr305/3.0.2/jsr305-3.0.2.jar:/Users/hbhuiyan/.m2/repository/org/checkerframework/checker-qual/3.33.0/checker-qual-3.33.0.jar:/Users/hbhuiyan/.m2/repository/com/google/errorprone/error_prone_annotations/2.18.0/error_prone_annotations-2.18.0.jar:/Users/hbhuiyan/.m2/repository/com/google/j2objc/j2objc-annotations/2.8/j2objc-annotations-2.8.jar:/Users/hbhuiyan/.m2/repository/org/seleniumhq/selenium/selenium-chromium-driver/4.12.1/selenium-chromium-driver-4.12.1.jar:/Users/hbhuiyan/.m2/repository/org/seleniumhq/selenium/selenium-json/4.12.1/selenium-json-4.12.1.jar:/Users/hbhuiyan/.m2/repository/org/seleniumhq/selenium/selenium-manager/4.12.1/selenium-manager-4.12.1.jar:/Users/hbhuiyan/.m2/repository/org/seleniumhq/selenium/selenium-devtools-v114/4.12.1/selenium-devtools-v114-4.12.1.jar:/Users/hbhuiyan/.m2/repository/org/seleniumhq/selenium/selenium-devtools-v115/4.12.1/selenium-devtools-v115-4.12.1.jar:/Users/hbhuiyan/.m2/repository/org/seleniumhq/selenium/selenium-devtools-v116/4.12.1/selenium-devtools-v116-4.12.1.jar:/Users/hbhuiyan/.m2/repository/org/seleniumhq/selenium/selenium-devtools-v85/4.12.1/selenium-devtools-v85-4.12.1.jar:/Users/hbhuiyan/.m2/repository/org/seleniumhq/selenium/selenium-edge-driver/4.12.1/selenium-edge-driver-4.12.1.jar:/Users/hbhuiyan/.m2/repository/org/seleniumhq/selenium/selenium-firefox-driver/4.12.1/selenium-firefox-driver-4.12.1.jar:/Users/hbhuiyan/.m2/repository/org/seleniumhq/selenium/selenium-http/4.12.1/selenium-http-4.12.1.jar:/Users/hbhuiyan/.m2/repository/dev/failsafe/failsafe/3.3.2/failsafe-3.3.2.jar:/Users/hbhuiyan/.m2/repository/org/seleniumhq/selenium/selenium-ie-driver/4.12.1/selenium-ie-driver-4.12.1.jar:/Users/hbhuiyan/.m2/repository/org/seleniumhq/selenium/selenium-remote-driver/4.12.1/selenium-remote-driver-4.12.1.jar:/Users/hbhuiyan/.m2/repository/io/netty/netty-buffer/4.1.96.Final/netty-buffer-4.1.96.Final.jar:/Users/hbhuiyan/.m2/repository/io/netty/netty-codec-http/4.1.96.Final/netty-codec-http-4.1.96.Final.jar:/Users/hbhuiyan/.m2/repository/io/netty/netty-codec/4.1.96.Final/netty-codec-4.1.96.Final.jar:/Users/hbhuiyan/.m2/repository/io/netty/netty-handler/4.1.96.Final/netty-handler-4.1.96.Final.jar:/Users/hbhuiyan/.m2/repository/io/netty/netty-common/4.1.96.Final/netty-common-4.1.96.Final.jar:/Users/hbhuiyan/.m2/repository/io/netty/netty-transport-classes-epoll/4.1.96.Final/netty-transport-classes-epoll-4.1.96.Final.jar:/Users/hbhuiyan/.m2/repository/io/netty/netty-transport-classes-kqueue/4.1.96.Final/netty-transport-classes-kqueue-4.1.96.Final.jar:/Users/hbhuiyan/.m2/repository/io/netty/netty-transport-native-epoll/4.1.96.Final/netty-transport-native-epoll-4.1.96.Final.jar:/Users/hbhuiyan/.m2/repository/io/netty/netty-transport-native-kqueue/4.1.96.Final/netty-transport-native-kqueue-4.1.96.Final.jar:/Users/hbhuiyan/.m2/repository/io/netty/netty-transport-native-unix-common/4.1.96.Final/netty-transport-native-unix-common-4.1.96.Final.jar:/Users/hbhuiyan/.m2/repository/io/netty/netty-transport/4.1.96.Final/netty-transport-4.1.96.Final.jar:/Users/hbhuiyan/.m2/repository/io/netty/netty-resolver/4.1.96.Final/netty-resolver-4.1.96.Final.jar:/Users/hbhuiyan/.m2/repository/io/opentelemetry/opentelemetry-api/1.28.0/opentelemetry-api-1.28.0.jar:/Users/hbhuiyan/.m2/repository/io/opentelemetry/opentelemetry-context/1.28.0/opentelemetry-context-1.28.0.jar:/Users/hbhuiyan/.m2/repository/io/opentelemetry/opentelemetry-exporter-logging/1.28.0/opentelemetry-exporter-logging-1.28.0.jar:/Users/hbhuiyan/.m2/repository/io/opentelemetry/opentelemetry-sdk-metrics/1.28.0/opentelemetry-sdk-metrics-1.28.0.jar:/Users/hbhuiyan/.m2/repository/io/opentelemetry/opentelemetry-extension-incubator/1.28.0-alpha/opentelemetry-extension-incubator-1.28.0-alpha.jar:/Users/hbhuiyan/.m2/repository/io/opentelemetry/opentelemetry-sdk-logs/1.28.0/opentelemetry-sdk-logs-1.28.0.jar:/Users/hbhuiyan/.m2/repository/io/opentelemetry/opentelemetry-sdk-common/1.28.0/opentelemetry-sdk-common-1.28.0.jar:/Users/hbhuiyan/.m2/repository/io/opentelemetry/opentelemetry-sdk-extension-autoconfigure-spi/1.28.0/opentelemetry-sdk-extension-autoconfigure-spi-1.28.0.jar:/Users/hbhuiyan/.m2/repository/io/opentelemetry/opentelemetry-sdk-extension-autoconfigure/1.28.0/opentelemetry-sdk-extension-autoconfigure-1.28.0.jar:/Users/hbhuiyan/.m2/repository/io/opentelemetry/opentelemetry-api-events/1.28.0-alpha/opentelemetry-api-events-1.28.0-alpha.jar:/Users/hbhuiyan/.m2/repository/io/opentelemetry/opentelemetry-sdk-trace/1.28.0/opentelemetry-sdk-trace-1.28.0.jar:/Users/hbhuiyan/.m2/repository/io/opentelemetry/opentelemetry-sdk/1.28.0/opentelemetry-sdk-1.28.0.jar:/Users/hbhuiyan/.m2/repository/io/opentelemetry/opentelemetry-semconv/1.28.0-alpha/opentelemetry-semconv-1.28.0-alpha.jar:/Users/hbhuiyan/.m2/repository/net/bytebuddy/byte-buddy/1.14.5/byte-buddy-1.14.5.jar:/Users/hbhuiyan/.m2/repository/org/asynchttpclient/async-http-client/2.12.3/async-http-client-2.12.3.jar:/Users/hbhuiyan/.m2/repository/org/asynchttpclient/async-http-client-netty-utils/2.12.3/async-http-client-netty-utils-2.12.3.jar:/Users/hbhuiyan/.m2/repository/io/netty/netty-codec-socks/4.1.60.Final/netty-codec-socks-4.1.60.Final.jar:/Users/hbhuiyan/.m2/repository/io/netty/netty-handler-proxy/4.1.60.Final/netty-handler-proxy-4.1.60.Final.jar:/Users/hbhuiyan/.m2/repository/io/netty/netty-transport-native-epoll/4.1.60.Final/netty-transport-native-epoll-4.1.60.Final-linux-x86_64.jar:/Users/hbhuiyan/.m2/repository/io/netty/netty-transport-native-kqueue/4.1.60.Final/netty-transport-native-kqueue-4.1.60.Final-osx-x86_64.jar:/Users/hbhuiyan/.m2/repository/org/reactivestreams/reactive-streams/1.0.3/reactive-streams-1.0.3.jar:/Users/hbhuiyan/.m2/repository/com/typesafe/netty/netty-reactive-streams/2.0.4/netty-reactive-streams-2.0.4.jar:/Users/hbhuiyan/.m2/repository/com/sun/activation/jakarta.activation/1.2.2/jakarta.activation-1.2.2.jar:/Users/hbhuiyan/.m2/repository/org/seleniumhq/selenium/selenium-os/4.12.1/selenium-os-4.12.1.jar:/Users/hbhuiyan/.m2/repository/org/apache/commons/commons-exec/1.3/commons-exec-1.3.jar:/Users/hbhuiyan/.m2/repository/org/seleniumhq/selenium/selenium-safari-driver/4.12.1/selenium-safari-driver-4.12.1.jar:/Users/hbhuiyan/.m2/repository/org/seleniumhq/selenium/selenium-support/4.12.1/selenium-support-4.12.1.jar:/Users/hbhuiyan/.m2/repository/io/cucumber/cucumber-java/7.14.0/cucumber-java-7.14.0.jar:/Users/hbhuiyan/.m2/repository/io/cucumber/cucumber-core/7.14.0/cucumber-core-7.14.0.jar:/Users/hbhuiyan/.m2/repository/io/cucumber/cucumber-gherkin/7.14.0/cucumber-gherkin-7.14.0.jar:/Users/hbhuiyan/.m2/repository/io/cucumber/cucumber-gherkin-messages/7.14.0/cucumber-gherkin-messages-7.14.0.jar:/Users/hbhuiyan/.m2/repository/io/cucumber/gherkin/26.2.0/gherkin-26.2.0.jar:/Users/hbhuiyan/.m2/repository/io/cucumber/messages/22.0.0/messages-22.0.0.jar:/Users/hbhuiyan/.m2/repository/io/cucumber/tag-expressions/5.0.6/tag-expressions-5.0.6.jar:/Users/hbhuiyan/.m2/repository/io/cucumber/cucumber-expressions/16.1.2/cucumber-expressions-16.1.2.jar:/Users/hbhuiyan/.m2/repository/io/cucumber/datatable/7.14.0/datatable-7.14.0.jar:/Users/hbhuiyan/.m2/repository/io/cucumber/cucumber-plugin/7.14.0/cucumber-plugin-7.14.0.jar:/Users/hbhuiyan/.m2/repository/io/cucumber/docstring/7.14.0/docstring-7.14.0.jar:/Users/hbhuiyan/.m2/repository/io/cucumber/html-formatter/20.4.0/html-formatter-20.4.0.jar:/Users/hbhuiyan/.m2/repository/io/cucumber/junit-xml-formatter/0.2.0/junit-xml-formatter-0.2.0.jar:/Users/hbhuiyan/.m2/repository/io/cucumber/ci-environment/9.2.0/ci-environment-9.2.0.jar:/Users/hbhuiyan/.m2/repository/org/apiguardian/apiguardian-api/1.1.2/apiguardian-api-1.1.2.jar:/Users/hbhuiyan/.m2/repository/io/cucumber/cucumber-testng/7.14.0/cucumber-testng-7.14.0.jar:/Users/hbhuiyan/.m2/repository/org/testng/testng/7.8.0/testng-7.8.0.jar:/Users/hbhuiyan/.m2/repository/org/slf4j/slf4j-api/1.7.36/slf4j-api-1.7.36.jar:/Users/hbhuiyan/.m2/repository/com/beust/jcommander/1.82/jcommander-1.82.jar:/Users/hbhuiyan/.m2/repository/org/webjars/jquery/3.6.1/jquery-3.6.1.jar:/Users/hbhuiyan/.m2/repository/com/github/javafaker/javafaker/1.0.2/javafaker-1.0.2.jar:/Users/hbhuiyan/.m2/repository/org/apache/commons/commons-lang3/3.5/commons-lang3-3.5.jar:/Users/hbhuiyan/.m2/repository/org/yaml/snakeyaml/1.23/snakeyaml-1.23-android.jar:/Users/hbhuiyan/.m2/repository/com/github/mifmif/generex/1.0.2/generex-1.0.2.jar:/Users/hbhuiyan/.m2/repository/dk/brics/automaton/automaton/1.11-8/automaton-1.11-8.jar:"/>
    <property name="sun.cpu.endian" value="little"/>
    <property name="user.home" value="/Users/hbhuiyan"/>
    <property name="user.language" value="en"/>
    <property name="java.specification.vendor" value="Oracle Corporation"/>
    <property name="java.version.date" value="2023-04-18"/>
    <property name="java.home" value="/usr/local/Cellar/openjdk/20.0.1/libexec/openjdk.jdk/Contents/Home"/>
    <property name="file.separator" value="/"/>
    <property name="basedir" value="/Users/hbhuiyan/Documents/TalentTEK/GitStuff/CFW_Online_Batch23"/>
    <property name="java.vm.compressedOopsMode" value="Zero based"/>
    <property name="line.separator" value="&#10;"/>
    <property name="java.vm.specification.vendor" value="Oracle Corporation"/>
    <property name="java.specification.name" value="Java Platform API Specification"/>
    <property name="apple.awt.application.name" value="ForkedBooter"/>
    <property name="surefire.real.class.path" value="/Users/hbhuiyan/Documents/TalentTEK/GitStuff/CFW_Online_Batch23/target/surefire/surefirebooter16851414852981274581.jar"/>
    <property name="sun.management.compiler" value="HotSpot 64-Bit Tiered Compilers"/>
    <property name="ftp.nonProxyHosts" value="local|*.local|169.254/16|*.169.254/16"/>
    <property name="java.runtime.version" value="20.0.1"/>
    <property name="user.name" value="hbhuiyan"/>
    <property name="stdout.encoding" value="UTF-8"/>
    <property name="path.separator" value=":"/>
    <property name="os.version" value="14.0"/>
    <property name="java.runtime.name" value="OpenJDK Runtime Environment"/>
    <property name="file.encoding" value="UTF-8"/>
    <property name="browser" value="chrome"/>
    <property name="java.vm.name" value="OpenJDK 64-Bit Server VM"/>
    <property name="java.vendor.version" value="Homebrew"/>
    <property name="localRepository" value="/Users/hbhuiyan/.m2/repository"/>
    <property name="java.vendor.url.bug" value="https://github.com/Homebrew/homebrew-core/issues"/>
    <property name="java.io.tmpdir" value="/var/folders/04/g7v8kdcn5g33gbxpmz2zxd3r0000gn/T/"/>
    <property name="java.version" value="20.0.1"/>
    <property name="cucumber.filter.tags" value="@sd"/>
    <property name="user.dir" value="/Users/hbhuiyan/Documents/TalentTEK/GitStuff/CFW_Online_Batch23"/>
    <property name="os.arch" value="x86_64"/>
    <property name="java.vm.specification.name" value="Java Virtual Machine Specification"/>
    <property name="env" value="stage"/>
    <property name="native.encoding" value="UTF-8"/>
    <property name="java.library.path" value="/Users/hbhuiyan/Library/Java/Extensions:/Library/Java/Extensions:/Network/Library/Java/Extensions:/System/Library/Java/Extensions:/usr/lib/java:."/>
    <property name="java.vm.info" value="mixed mode, sharing"/>
    <property name="stderr.encoding" value="UTF-8"/>
    <property name="java.vendor" value="Homebrew"/>
    <property name="java.vm.version" value="20.0.1"/>
    <property name="sun.io.unicode.encoding" value="UnicodeBig"/>
    <property name="socksNonProxyHosts" value="local|*.local|169.254/16|*.169.254/16"/>
    <property name="java.class.version" value="64.0"/>
  </properties>
  <testcase name="runScenario[&quot;User able to login with valid credentials in SauceDemo&quot;, &quot;SauceDemo&quot;](1)" classname="TestRunner" time="4.83">
    <system-err><![CDATA[SLF4J: Failed to load class "org.slf4j.impl.StaticLoggerBinder".
SLF4J: Defaulting to no-operation (NOP) logger implementation
SLF4J: See http://www.slf4j.org/codes.html#StaticLoggerBinder for further details.
Oct 19, 2023 9:01:26 PM org.openqa.selenium.devtools.CdpVersionFinder findNearestMatch
WARNING: Unable to find an exact match for CDP version 117, so returning the closest version found: 116
]]></system-err>
  </testcase>
  <testcase name="runScenario[&quot;Failing test on purpose&quot;, &quot;SauceDemo&quot;](2)" classname="TestRunner" time="2.957">
    <failure message="expected [Swag Labsssss] but found [Swag Labs]" type="java.lang.AssertionError"><![CDATA[java.lang.AssertionError: expected [Swag Labsssss] but found [Swag Labs]
	at org.testng.Assert.fail(Assert.java:111)
	at org.testng.Assert.failNotEquals(Assert.java:1578)
	at org.testng.Assert.assertEqualsImpl(Assert.java:150)
	at org.testng.Assert.assertEquals(Assert.java:132)
	at org.testng.Assert.assertEquals(Assert.java:656)
	at org.testng.Assert.assertEquals(Assert.java:666)
	at pageObject.SauceDemoLogin_page.verifyLogoName(SauceDemoLogin_page.java:30)
	at stepDef.SauceDemo_step.verifyLogoNameForSauceDemo(SauceDemo_step.java:39)
	at ✽.Verify logo name for SauceDemo(file:///Users/hbhuiyan/Documents/TalentTEK/GitStuff/CFW_Online_Batch23/src/test/java/features/SauceDemo.feature:13)
]]></failure>
    <system-err><![CDATA[Oct 19, 2023 9:01:29 PM org.openqa.selenium.devtools.CdpVersionFinder findNearestMatch
WARNING: Unable to find an exact match for CDP version 117, so returning the closest version found: 116
]]></system-err>
  </testcase>
</testsuite>