<?xml version="1.0" encoding="UTF-8"?>
<!-- Generated by org.testng.reporters.JUnitReportReporter -->
<testsuite hostname="Hassans-MBP" failures="0" tests="6" name="TestRunner" time="24.822" errors="0" timestamp="2023-10-30T20:32:25 EDT" skipped="0">
  <testcase classname="TestRunner" name="runScenario" time="7.950"/>
  <testcase classname="TestRunner" name="runScenario" time="3.024"/>
  <testcase classname="TestRunner" name="runScenario" time="2.883"/>
  <testcase classname="TestRunner" name="runScenario" time="2.946"/>
  <testcase classname="TestRunner" name="runScenario" time="2.763"/>
  <testcase classname="TestRunner" name="runScenario" time="5.256"/>
</testsuite> <!-- TestRunner -->
