<?xml version="1.0" encoding="UTF-8"?>
<!-- Generated by org.testng.reporters.JUnitReportReporter -->
<testsuite hostname="Hassans-MBP" failures="0" tests="1" name="TestRunner" time="5.520" errors="0" timestamp="2023-10-12T21:12:46 EDT" skipped="0">
  <testcase classname="TestRunner" name="runScenario" time="5.520"/>
</testsuite> <!-- TestRunner -->
