<?xml version="1.0" encoding="UTF-8"?>
<!-- Generated by org.testng.reporters.JUnitReportReporter -->
<testsuite hostname="Hassans-MBP" failures="0" tests="1" name="TestRunner" time="5.377" errors="0" timestamp="2023-10-15T11:43:59 EDT" skipped="0">
  <testcase classname="TestRunner" name="runScenario" time="5.377"/>
</testsuite> <!-- TestRunner -->
